<?xml version="1.0" encoding="UTF-8"?>
<testng-results ignored="0" total="2" passed="2" failed="0" skipped="0">
  <reporter-output>
  </reporter-output>
  <suite started-at="2024-02-09T11:16:04 EST" name="Default suite" finished-at="2024-02-09T11:16:14 EST" duration-ms="10479">
    <groups>
    </groups>
    <test started-at="2024-02-09T11:16:04 EST" name="Default test" finished-at="2024-02-09T11:16:14 EST" duration-ms="10479">
      <class name="testng_package.DashboardLogin">
        <test-method is-config="true" signature="beforeTest()[pri:0, instance:testng_package.DashboardLogin@7bba5817]" started-at="2024-02-09T11:16:04 EST" name="beforeTest" finished-at="2024-02-09T11:16:06 EST" duration-ms="2371" status="PASS">
          <reporter-output>
          </reporter-output>
        </test-method> <!-- beforeTest -->
        <test-method signature="performLogin()[pri:0, instance:testng_package.DashboardLogin@7bba5817]" started-at="2024-02-09T11:16:06 EST" name="performLogin" finished-at="2024-02-09T11:16:12 EST" duration-ms="5855" status="PASS">
          <reporter-output>
          </reporter-output>
        </test-method> <!-- performLogin -->
        <test-method signature="assertHomePage()[pri:0, instance:testng_package.DashboardLogin@7bba5817]" started-at="2024-02-09T11:16:12 EST" name="assertHomePage" finished-at="2024-02-09T11:16:14 EST" depends-on-methods="testng_package.DashboardLogin.performLogin" duration-ms="2070" status="PASS">
          <reporter-output>
          </reporter-output>
        </test-method> <!-- assertHomePage -->
        <test-method is-config="true" signature="afterTest()[pri:0, instance:testng_package.DashboardLogin@7bba5817]" started-at="2024-02-09T11:16:14 EST" name="afterTest" finished-at="2024-02-09T11:16:14 EST" duration-ms="149" status="PASS">
          <reporter-output>
          </reporter-output>
        </test-method> <!-- afterTest -->
      </class> <!-- testng_package.DashboardLogin -->
    </test> <!-- Default test -->
  </suite> <!-- Default suite -->
</testng-results>
