<?xml version="1.0" encoding="UTF-8"?>
<testng-results ignored="0" total="1" passed="1" failed="0" skipped="0">
  <reporter-output>
  </reporter-output>
  <suite started-at="2024-04-13T08:54:44 EDT" name="Default suite" finished-at="2024-04-13T08:54:49 EDT" duration-ms="5173">
    <groups>
    </groups>
    <test started-at="2024-04-13T08:54:44 EDT" name="Default test" finished-at="2024-04-13T08:54:49 EDT" duration-ms="5173">
      <class name="testNg_package.Annotation_class">
        <test-method is-config="true" signature="beforeTest()[pri:0, instance:testNg_package.Annotation_class@4d5650ae]" started-at="2024-04-13T08:54:44 EDT" name="beforeTest" finished-at="2024-04-13T08:54:45 EDT" duration-ms="1214" status="PASS">
          <reporter-output>
          </reporter-output>
        </test-method> <!-- beforeTest -->
        <test-method signature="performLogin()[pri:0, instance:testNg_package.Annotation_class@4d5650ae]" started-at="2024-04-13T08:54:45 EDT" name="performLogin" finished-at="2024-04-13T08:54:49 EDT" duration-ms="3825" status="PASS">
          <reporter-output>
          </reporter-output>
        </test-method> <!-- performLogin -->
        <test-method is-config="true" signature="afterTest()[pri:0, instance:testNg_package.Annotation_class@4d5650ae]" started-at="2024-04-13T08:54:49 EDT" name="afterTest" finished-at="2024-04-13T08:54:49 EDT" duration-ms="101" status="PASS">
          <reporter-output>
          </reporter-output>
        </test-method> <!-- afterTest -->
      </class> <!-- testNg_package.Annotation_class -->
    </test> <!-- Default test -->
  </suite> <!-- Default suite -->
</testng-results>
